# JRE version: OpenJDK Runtime Environment (17.0.6) (build 17.0.6+0-b2043.56-10027231)
# Java VM: OpenJDK 64-Bit Server VM (17.0.6+0-b2043.56-10027231, mixed mode, tiered, compressed oops, compressed class ptrs, g1 gc, windows-amd64)
GC Precious Log:
 CPUs: 8 total, 8 available
 Memory: 12037M
 Large Page Support: Disabled
 NUMA Support: Disabled
 Compressed Oops: Enabled (32-bit)
 Heap Region Size: 1M
 Heap Min Capacity: 8M
 Heap Initial Capacity: 190M
 Heap Max Capacity: 2G
 Pre-touch: Disabled
 Parallel Workers: 8
 Concurrent Workers: 2
 Concurrent Refinement Workers: 8
 Periodic GC: Disabled
Heap:
 garbage-first heap   total 194560K, used 99322K [0x0000000080000000, 0x0000000100000000)
  region size 1024K, 3 young (3072K), 3 survivors (3072K)
 Metaspace       used 96781K, committed 97472K, reserved 1138688K
  class space    used 13278K, committed 13568K, reserved 1048576K
GC Heap History (20 events):
Event: 7.532 GC heap after
{Heap after GC invocations=29 (full 0):
 garbage-first heap   total 141312K, used 67869K [0x0000000080000000, 0x0000000100000000)
  region size 1024K, 6 young (6144K), 6 survivors (6144K)
 Metaspace       used 76257K, committed 76864K, reserved 1122304K
  class space    used 10165K, committed 10432K, reserved 1048576K
}
Event: 8.031 GC heap before
{Heap before GC invocations=29 (full 0):
 garbage-first heap   total 141312K, used 108829K [0x0000000080000000, 0x0000000100000000)
  region size 1024K, 46 young (47104K), 6 survivors (6144K)
 Metaspace       used 81139K, committed 81728K, reserved 1122304K
  class space    used 11047K, committed 11328K, reserved 1048576K
}
Event: 8.036 GC heap after
{Heap after GC invocations=30 (full 0):
 garbage-first heap   total 141312K, used 70407K [0x0000000080000000, 0x0000000100000000)
  region size 1024K, 6 young (6144K), 6 survivors (6144K)
 Metaspace       used 81139K, committed 81728K, reserved 1122304K
  class space    used 11047K, committed 11328K, reserved 1048576K
}
Event: 8.592 GC heap before
{Heap before GC invocations=30 (full 0):
 garbage-first heap   total 141312K, used 111367K [0x0000000080000000, 0x0000000100000000)
  region size 1024K, 46 young (47104K), 6 survivors (6144K)
 Metaspace       used 85363K, committed 85952K, reserved 1130496K
  class space    used 11647K, committed 11904K, reserved 1048576K
}
Event: 8.597 GC heap after
{Heap after GC invocations=31 (full 0):
 garbage-first heap   total 141312K, used 73828K [0x0000000080000000, 0x0000000100000000)
  region size 1024K, 6 young (6144K), 6 survivors (6144K)
 Metaspace       used 85363K, committed 85952K, reserved 1130496K
  class space    used 11647K, committed 11904K, reserved 1048576K
}
Event: 9.101 GC heap before
{Heap before GC invocations=32 (full 0):
 garbage-first heap   total 141312K, used 112740K [0x0000000080000000, 0x0000000100000000)
  region size 1024K, 44 young (45056K), 6 survivors (6144K)
 Metaspace       used 89361K, committed 89984K, reserved 1130496K
  class space    used 12279K, committed 12544K, reserved 1048576K
}
Event: 9.107 GC heap after
{Heap after GC invocations=33 (full 0):
 garbage-first heap   total 141312K, used 76280K [0x0000000080000000, 0x0000000100000000)
  region size 1024K, 3 young (3072K), 3 survivors (3072K)
 Metaspace       used 89361K, committed 89984K, reserved 1130496K
  class space    used 12279K, committed 12544K, reserved 1048576K
}
Event: 9.180 GC heap before
{Heap before GC invocations=33 (full 0):
 garbage-first heap   total 141312K, used 79352K [0x0000000080000000, 0x0000000100000000)
  region size 1024K, 6 young (6144K), 3 survivors (3072K)
 Metaspace       used 90718K, committed 91392K, reserved 1130496K
  class space    used 12429K, committed 12736K, reserved 1048576K
}
Event: 9.185 GC heap after
{Heap after GC invocations=34 (full 0):
 garbage-first heap   total 169984K, used 76382K [0x0000000080000000, 0x0000000100000000)
  region size 1024K, 1 young (1024K), 1 survivors (1024K)
 Metaspace       used 90718K, committed 91392K, reserved 1130496K
  class space    used 12429K, committed 12736K, reserved 1048576K
}
Event: 9.790 GC heap before
{Heap before GC invocations=34 (full 0):
 garbage-first heap   total 169984K, used 136798K [0x0000000080000000, 0x0000000100000000)
  region size 1024K, 60 young (61440K), 1 survivors (1024K)
 Metaspace       used 93440K, committed 94144K, reserved 1130496K
  class space    used 12783K, committed 13120K, reserved 1048576K
}
Event: 9.795 GC heap after
{Heap after GC invocations=35 (full 0):
 garbage-first heap   total 169984K, used 82932K [0x0000000080000000, 0x0000000100000000)
  region size 1024K, 8 young (8192K), 8 survivors (8192K)
 Metaspace       used 93440K, committed 94144K, reserved 1130496K
  class space    used 12783K, committed 13120K, reserved 1048576K
}
Event: 10.274 GC heap before
{Heap before GC invocations=35 (full 0):
 garbage-first heap   total 169984K, used 133108K [0x0000000080000000, 0x0000000100000000)
  region size 1024K, 58 young (59392K), 8 survivors (8192K)
 Metaspace       used 95411K, committed 96128K, reserved 1138688K
  class space    used 13173K, committed 13504K, reserved 1048576K
}
Event: 10.285 GC heap after
{Heap after GC invocations=36 (full 0):
 garbage-first heap   total 169984K, used 90069K [0x0000000080000000, 0x0000000100000000)
  region size 1024K, 7 young (7168K), 7 survivors (7168K)
 Metaspace       used 95411K, committed 96128K, reserved 1138688K
  class space    used 13173K, committed 13504K, reserved 1048576K
}
Event: 10.641 GC heap before
{Heap before GC invocations=36 (full 0):
 garbage-first heap   total 169984K, used 136149K [0x0000000080000000, 0x0000000100000000)
  region size 1024K, 53 young (54272K), 7 survivors (7168K)
 Metaspace       used 95928K, committed 96576K, reserved 1138688K
  class space    used 13221K, committed 13504K, reserved 1048576K
}
Event: 10.648 GC heap after
{Heap after GC invocations=37 (full 0):
 garbage-first heap   total 169984K, used 93626K [0x0000000080000000, 0x0000000100000000)
  region size 1024K, 4 young (4096K), 4 survivors (4096K)
 Metaspace       used 95928K, committed 96576K, reserved 1138688K
  class space    used 13221K, committed 13504K, reserved 1048576K
}
Event: 11.067 GC heap before
{Heap before GC invocations=38 (full 0):
 garbage-first heap   total 169984K, used 137658K [0x0000000080000000, 0x0000000100000000)
  region size 1024K, 48 young (49152K), 4 survivors (4096K)
 Metaspace       used 96535K, committed 97216K, reserved 1138688K
  class space    used 13270K, committed 13568K, reserved 1048576K
}
Event: 11.074 GC heap after
{Heap after GC invocations=39 (full 0):
 garbage-first heap   total 169984K, used 96879K [0x0000000080000000, 0x0000000100000000)
  region size 1024K, 6 young (6144K), 6 survivors (6144K)
 Metaspace       used 96535K, committed 97216K, reserved 1138688K
  class space    used 13270K, committed 13568K, reserved 1048576K
}
Event: 11.082 GC heap before
{Heap before GC invocations=39 (full 0):
 garbage-first heap   total 169984K, used 97903K [0x0000000080000000, 0x0000000100000000)
  region size 1024K, 8 young (8192K), 6 survivors (6144K)
 Metaspace       used 96540K, committed 97216K, reserved 1138688K
  class space    used 13270K, committed 13568K, reserved 1048576K
}
Event: 11.087 GC heap after
{Heap after GC invocations=40 (full 0):
 garbage-first heap   total 169984K, used 97431K [0x0000000080000000, 0x0000000100000000)
  region size 1024K, 1 young (1024K), 1 survivors (1024K)
 Metaspace       used 96540K, committed 97216K, reserved 1138688K
  class space    used 13270K, committed 13568K, reserved 1048576K
}
Event: 11.392 GC heap before
{Heap before GC invocations=40 (full 0):
 garbage-first heap   total 169984K, used 138391K [0x0000000080000000, 0x0000000100000000)
  region size 1024K, 42 young (43008K), 1 survivors (1024K)
 Metaspace       used 96781K, committed 97472K, reserved 1138688K
  class space    used 13278K, committed 13568K, reserved 1048576K
}

