# JRE version: OpenJDK Runtime Environment (17.0.6) (build 17.0.6+0-b2043.56-10027231)
# Java VM: OpenJDK 64-Bit Server VM (17.0.6+0-b2043.56-10027231, mixed mode, tiered, compressed oops, compressed class ptrs, g1 gc, windows-amd64)
GC Precious Log:
 CPUs: 8 total, 8 available
 Memory: 12037M
 Large Page Support: Disabled
 NUMA Support: Disabled
 Compressed Oops: Enabled (32-bit)
 Heap Region Size: 1M
 Heap Min Capacity: 8M
 Heap Initial Capacity: 190M
 Heap Max Capacity: 2G
 Pre-touch: Disabled
 Parallel Workers: 8
 Concurrent Workers: 2
 Concurrent Refinement Workers: 8
 Periodic GC: Disabled
Heap:
 garbage-first heap   total 194560K, used 100497K [0x0000000080000000, 0x0000000100000000)
  region size 1024K, 1 young (1024K), 1 survivors (1024K)
 Metaspace       used 99934K, committed 100672K, reserved 1138688K
  class space    used 13727K, committed 14080K, reserved 1048576K
GC Heap History (20 events):
Event: 8.300 GC heap after
{Heap after GC invocations=35 (full 0):
 garbage-first heap   total 124928K, used 69820K [0x0000000080000000, 0x0000000100000000)
  region size 1024K, 1 young (1024K), 1 survivors (1024K)
 Metaspace       used 81375K, committed 81984K, reserved 1122304K
  class space    used 11083K, committed 11328K, reserved 1048576K
}
Event: 8.783 GC heap before
{Heap before GC invocations=35 (full 0):
 garbage-first heap   total 124928K, used 101564K [0x0000000080000000, 0x0000000100000000)
  region size 1024K, 32 young (32768K), 1 survivors (1024K)
 Metaspace       used 84573K, committed 85184K, reserved 1122304K
  class space    used 11559K, committed 11840K, reserved 1048576K
}
Event: 8.787 GC heap after
{Heap after GC invocations=36 (full 0):
 garbage-first heap   total 159744K, used 71517K [0x0000000080000000, 0x0000000100000000)
  region size 1024K, 3 young (3072K), 3 survivors (3072K)
 Metaspace       used 84573K, committed 85184K, reserved 1122304K
  class space    used 11559K, committed 11840K, reserved 1048576K
}
Event: 9.752 GC heap before
{Heap before GC invocations=37 (full 0):
 garbage-first heap   total 159744K, used 124765K [0x0000000080000000, 0x0000000100000000)
  region size 1024K, 55 young (56320K), 3 survivors (3072K)
 Metaspace       used 91111K, committed 91712K, reserved 1130496K
  class space    used 12471K, committed 12736K, reserved 1048576K
}
Event: 9.757 GC heap after
{Heap after GC invocations=38 (full 0):
 garbage-first heap   total 159744K, used 75412K [0x0000000080000000, 0x0000000100000000)
  region size 1024K, 6 young (6144K), 6 survivors (6144K)
 Metaspace       used 91111K, committed 91712K, reserved 1130496K
  class space    used 12471K, committed 12736K, reserved 1048576K
}
Event: 9.782 GC heap before
{Heap before GC invocations=38 (full 0):
 garbage-first heap   total 159744K, used 76436K [0x0000000080000000, 0x0000000100000000)
  region size 1024K, 7 young (7168K), 6 survivors (6144K)
 Metaspace       used 91281K, committed 91904K, reserved 1130496K
  class space    used 12493K, committed 12800K, reserved 1048576K
}
Event: 9.789 GC heap after
{Heap after GC invocations=39 (full 0):
 garbage-first heap   total 159744K, used 75594K [0x0000000080000000, 0x0000000100000000)
  region size 1024K, 1 young (1024K), 1 survivors (1024K)
 Metaspace       used 91281K, committed 91904K, reserved 1130496K
  class space    used 12493K, committed 12800K, reserved 1048576K
}
Event: 10.342 GC heap before
{Heap before GC invocations=39 (full 0):
 garbage-first heap   total 159744K, used 125770K [0x0000000080000000, 0x0000000100000000)
  region size 1024K, 50 young (51200K), 1 survivors (1024K)
 Metaspace       used 93418K, committed 94080K, reserved 1130496K
  class space    used 12791K, committed 13120K, reserved 1048576K
}
Event: 10.349 GC heap after
{Heap after GC invocations=40 (full 0):
 garbage-first heap   total 159744K, used 81054K [0x0000000080000000, 0x0000000100000000)
  region size 1024K, 7 young (7168K), 7 survivors (7168K)
 Metaspace       used 93418K, committed 94080K, reserved 1130496K
  class space    used 12791K, committed 13120K, reserved 1048576K
}
Event: 10.917 GC heap before
{Heap before GC invocations=41 (full 0):
 garbage-first heap   total 159744K, used 127134K [0x0000000080000000, 0x0000000100000000)
  region size 1024K, 52 young (53248K), 7 survivors (7168K)
 Metaspace       used 94938K, committed 95616K, reserved 1138688K
  class space    used 13060K, committed 13376K, reserved 1048576K
}
Event: 10.928 GC heap after
{Heap after GC invocations=42 (full 0):
 garbage-first heap   total 159744K, used 87345K [0x0000000080000000, 0x0000000100000000)
  region size 1024K, 7 young (7168K), 7 survivors (7168K)
 Metaspace       used 94938K, committed 95616K, reserved 1138688K
  class space    used 13060K, committed 13376K, reserved 1048576K
}
Event: 11.241 GC heap before
{Heap before GC invocations=42 (full 0):
 garbage-first heap   total 159744K, used 127281K [0x0000000080000000, 0x0000000100000000)
  region size 1024K, 47 young (48128K), 7 survivors (7168K)
 Metaspace       used 95562K, committed 96256K, reserved 1138688K
  class space    used 13198K, committed 13504K, reserved 1048576K
}
Event: 11.248 GC heap after
{Heap after GC invocations=43 (full 0):
 garbage-first heap   total 159744K, used 90904K [0x0000000080000000, 0x0000000100000000)
  region size 1024K, 4 young (4096K), 4 survivors (4096K)
 Metaspace       used 95562K, committed 96256K, reserved 1138688K
  class space    used 13198K, committed 13504K, reserved 1048576K
}
Event: 11.716 GC heap before
{Heap before GC invocations=44 (full 0):
 garbage-first heap   total 165888K, used 128792K [0x0000000080000000, 0x0000000100000000)
  region size 1024K, 42 young (43008K), 4 survivors (4096K)
 Metaspace       used 96159K, committed 96832K, reserved 1138688K
  class space    used 13251K, committed 13568K, reserved 1048576K
}
Event: 11.722 GC heap after
{Heap after GC invocations=45 (full 0):
 garbage-first heap   total 165888K, used 93545K [0x0000000080000000, 0x0000000100000000)
  region size 1024K, 6 young (6144K), 6 survivors (6144K)
 Metaspace       used 96159K, committed 96832K, reserved 1138688K
  class space    used 13251K, committed 13568K, reserved 1048576K
}
Event: 12.251 GC heap before
{Heap before GC invocations=45 (full 0):
 garbage-first heap   total 165888K, used 135529K [0x0000000080000000, 0x0000000100000000)
  region size 1024K, 48 young (49152K), 6 survivors (6144K)
 Metaspace       used 97492K, committed 98240K, reserved 1138688K
  class space    used 13435K, committed 13760K, reserved 1048576K
}
Event: 12.259 GC heap after
{Heap after GC invocations=46 (full 0):
 garbage-first heap   total 165888K, used 96575K [0x0000000080000000, 0x0000000100000000)
  region size 1024K, 6 young (6144K), 6 survivors (6144K)
 Metaspace       used 97492K, committed 98240K, reserved 1138688K
  class space    used 13435K, committed 13760K, reserved 1048576K
}
Event: 12.796 GC heap before
{Heap before GC invocations=47 (full 0):
 garbage-first heap   total 171008K, used 135487K [0x0000000080000000, 0x0000000100000000)
  region size 1024K, 45 young (46080K), 6 survivors (6144K)
 Metaspace       used 99728K, committed 100416K, reserved 1138688K
  class space    used 13701K, committed 14016K, reserved 1048576K
}
Event: 12.805 GC heap after
{Heap after GC invocations=48 (full 0):
 garbage-first heap   total 171008K, used 99832K [0x0000000080000000, 0x0000000100000000)
  region size 1024K, 6 young (6144K), 6 survivors (6144K)
 Metaspace       used 99728K, committed 100416K, reserved 1138688K
  class space    used 13701K, committed 14016K, reserved 1048576K
}
Event: 12.824 GC heap before
{Heap before GC invocations=48 (full 0):
 garbage-first heap   total 171008K, used 101880K [0x0000000080000000, 0x0000000100000000)
  region size 1024K, 8 young (8192K), 6 survivors (6144K)
 Metaspace       used 99934K, committed 100672K, reserved 1138688K
  class space    used 13727K, committed 14080K, reserved 1048576K
}

