# JRE version: OpenJDK Runtime Environment (17.0.6) (build 17.0.6+0-b2043.56-10027231)
# Java VM: OpenJDK 64-Bit Server VM (17.0.6+0-b2043.56-10027231, mixed mode, tiered, compressed oops, compressed class ptrs, g1 gc, windows-amd64)
GC Precious Log:
 CPUs: 8 total, 8 available
 Memory: 12037M
 Large Page Support: Disabled
 NUMA Support: Disabled
 Compressed Oops: Enabled (32-bit)
 Heap Region Size: 1M
 Heap Min Capacity: 8M
 Heap Initial Capacity: 190M
 Heap Max Capacity: 2G
 Pre-touch: Disabled
 Parallel Workers: 8
 Concurrent Workers: 2
 Concurrent Refinement Workers: 8
 Periodic GC: Disabled
Heap:
 garbage-first heap   total 215040K, used 138692K [0x0000000080000000, 0x0000000100000000)
  region size 1024K, 13 young (13312K), 7 survivors (7168K)
 Metaspace       used 121649K, committed 122624K, reserved 1155072K
  class space    used 16704K, committed 17152K, reserved 1048576K
GC Heap History (20 events):
Event: 10.571 GC heap before
{Heap before GC invocations=28 (full 0):
 garbage-first heap   total 215040K, used 163163K [0x0000000080000000, 0x0000000100000000)
  region size 1024K, 90 young (92160K), 12 survivors (12288K)
 Metaspace       used 95946K, committed 96640K, reserved 1138688K
  class space    used 13226K, committed 13504K, reserved 1048576K
}
Event: 10.583 GC heap after
{Heap after GC invocations=29 (full 0):
 garbage-first heap   total 215040K, used 92265K [0x0000000080000000, 0x0000000100000000)
  region size 1024K, 8 young (8192K), 8 survivors (8192K)
 Metaspace       used 95946K, committed 96640K, reserved 1138688K
  class space    used 13226K, committed 13504K, reserved 1048576K
}
Event: 11.478 GC heap before
{Heap before GC invocations=29 (full 0):
 garbage-first heap   total 215040K, used 168041K [0x0000000080000000, 0x0000000100000000)
  region size 1024K, 83 young (84992K), 8 survivors (8192K)
 Metaspace       used 98883K, committed 99584K, reserved 1138688K
  class space    used 13586K, committed 13888K, reserved 1048576K
}
Event: 11.486 GC heap after
{Heap after GC invocations=30 (full 0):
 garbage-first heap   total 215040K, used 98862K [0x0000000080000000, 0x0000000100000000)
  region size 1024K, 7 young (7168K), 7 survivors (7168K)
 Metaspace       used 98883K, committed 99584K, reserved 1138688K
  class space    used 13586K, committed 13888K, reserved 1048576K
}
Event: 12.955 GC heap before
{Heap before GC invocations=30 (full 0):
 garbage-first heap   total 215040K, used 171566K [0x0000000080000000, 0x0000000100000000)
  region size 1024K, 78 young (79872K), 7 survivors (7168K)
 Metaspace       used 102486K, committed 103232K, reserved 1138688K
  class space    used 14020K, committed 14400K, reserved 1048576K
}
Event: 12.964 GC heap after
{Heap after GC invocations=31 (full 0):
 garbage-first heap   total 215040K, used 103221K [0x0000000080000000, 0x0000000100000000)
  region size 1024K, 5 young (5120K), 5 survivors (5120K)
 Metaspace       used 102486K, committed 103232K, reserved 1138688K
  class space    used 14020K, committed 14400K, reserved 1048576K
}
Event: 13.621 GC heap before
{Heap before GC invocations=31 (full 0):
 garbage-first heap   total 215040K, used 147253K [0x0000000080000000, 0x0000000100000000)
  region size 1024K, 50 young (51200K), 5 survivors (5120K)
 Metaspace       used 113752K, committed 114560K, reserved 1155072K
  class space    used 15680K, committed 16128K, reserved 1048576K
}
Event: 13.628 GC heap after
{Heap after GC invocations=32 (full 0):
 garbage-first heap   total 215040K, used 104825K [0x0000000080000000, 0x0000000100000000)
  region size 1024K, 7 young (7168K), 7 survivors (7168K)
 Metaspace       used 113752K, committed 114560K, reserved 1155072K
  class space    used 15680K, committed 16128K, reserved 1048576K
}
Event: 178.425 GC heap before
{Heap before GC invocations=33 (full 0):
 garbage-first heap   total 215040K, used 184697K [0x0000000080000000, 0x0000000100000000)
  region size 1024K, 76 young (77824K), 7 survivors (7168K)
 Metaspace       used 119609K, committed 120448K, reserved 1155072K
  class space    used 16618K, committed 17024K, reserved 1048576K
}
Event: 178.433 GC heap after
{Heap after GC invocations=34 (full 0):
 garbage-first heap   total 215040K, used 110622K [0x0000000080000000, 0x0000000100000000)
  region size 1024K, 8 young (8192K), 8 survivors (8192K)
 Metaspace       used 119609K, committed 120448K, reserved 1155072K
  class space    used 16618K, committed 17024K, reserved 1048576K
}
Event: 178.451 GC heap before
{Heap before GC invocations=34 (full 0):
 garbage-first heap   total 215040K, used 111646K [0x0000000080000000, 0x0000000100000000)
  region size 1024K, 10 young (10240K), 8 survivors (8192K)
 Metaspace       used 119632K, committed 120448K, reserved 1155072K
  class space    used 16618K, committed 17024K, reserved 1048576K
}
Event: 178.456 GC heap after
{Heap after GC invocations=35 (full 0):
 garbage-first heap   total 215040K, used 110864K [0x0000000080000000, 0x0000000100000000)
  region size 1024K, 2 young (2048K), 2 survivors (2048K)
 Metaspace       used 119632K, committed 120448K, reserved 1155072K
  class space    used 16618K, committed 17024K, reserved 1048576K
}
Event: 179.641 GC heap before
{Heap before GC invocations=35 (full 0):
 garbage-first heap   total 215040K, used 174352K [0x0000000080000000, 0x0000000100000000)
  region size 1024K, 65 young (66560K), 2 survivors (2048K)
 Metaspace       used 120308K, committed 121152K, reserved 1155072K
  class space    used 16636K, committed 17024K, reserved 1048576K
}
Event: 179.647 GC heap after
{Heap after GC invocations=36 (full 0):
 garbage-first heap   total 215040K, used 117393K [0x0000000080000000, 0x0000000100000000)
  region size 1024K, 8 young (8192K), 8 survivors (8192K)
 Metaspace       used 120308K, committed 121152K, reserved 1155072K
  class space    used 16636K, committed 17024K, reserved 1048576K
}
Event: 267.751 GC heap before
{Heap before GC invocations=37 (full 0):
 garbage-first heap   total 215040K, used 183953K [0x0000000080000000, 0x0000000100000000)
  region size 1024K, 64 young (65536K), 8 survivors (8192K)
 Metaspace       used 120891K, committed 121792K, reserved 1155072K
  class space    used 16657K, committed 17088K, reserved 1048576K
}
Event: 267.757 GC heap after
{Heap after GC invocations=38 (full 0):
 garbage-first heap   total 215040K, used 120244K [0x0000000080000000, 0x0000000100000000)
  region size 1024K, 4 young (4096K), 4 survivors (4096K)
 Metaspace       used 120891K, committed 121792K, reserved 1155072K
  class space    used 16657K, committed 17088K, reserved 1048576K
}
Event: 267.803 GC heap before
{Heap before GC invocations=38 (full 0):
 garbage-first heap   total 215040K, used 126388K [0x0000000080000000, 0x0000000100000000)
  region size 1024K, 10 young (10240K), 4 survivors (4096K)
 Metaspace       used 120935K, committed 121856K, reserved 1155072K
  class space    used 16657K, committed 17088K, reserved 1048576K
}
Event: 267.810 GC heap after
{Heap after GC invocations=39 (full 0):
 garbage-first heap   total 215040K, used 118820K [0x0000000080000000, 0x0000000100000000)
  region size 1024K, 2 young (2048K), 2 survivors (2048K)
 Metaspace       used 120935K, committed 121856K, reserved 1155072K
  class space    used 16657K, committed 17088K, reserved 1048576K
}
Event: 268.886 GC heap before
{Heap before GC invocations=39 (full 0):
 garbage-first heap   total 215040K, used 175140K [0x0000000080000000, 0x0000000100000000)
  region size 1024K, 58 young (59392K), 2 survivors (2048K)
 Metaspace       used 121626K, committed 122624K, reserved 1155072K
  class space    used 16704K, committed 17152K, reserved 1048576K
}
Event: 268.891 GC heap after
{Heap after GC invocations=40 (full 0):
 garbage-first heap   total 215040K, used 124356K [0x0000000080000000, 0x0000000100000000)
  region size 1024K, 7 young (7168K), 7 survivors (7168K)
 Metaspace       used 121626K, committed 122624K, reserved 1155072K
  class space    used 16704K, committed 17152K, reserved 1048576K
}

